proguard.cfg
-optimizationpasses 5 # 指定代码的压缩级别
-dontusemixedcaseclassnames
-dontskipnonpubliclibraryclasses
-dontpreverify
#******友盟*********
-dontshrink
-dontoptimize
-dontwarn com.google.android.maps.**
-dontwarn android.webkit.WebView
-dontwarn com.umeng.**
-dontwarn com.tencent.weibo.sdk.**
-dontwarn com.facebook.**
#******友盟*********
-verbose
-optimizations !code/simplification/arithmetic,!field/*,!class/merging/* # 混淆时所采用的算法

-libraryjars libs/android_api_3_5.jar
-libraryjars libs/gson-2.2.4.jar
-libraryjars libs/httpmime-4.1.3.jar
-libraryjars libs/jpush-sdk-release1.7.0.jar
-libraryjars libs/SocialSDK_QQZone_1.jar
-libraryjars libs/SocialSDK_QQZone_2.jar
-libraryjars libs/SocialSDK_QQZone_3.jar
-libraryjars libs/SocialSDK_renren_1.jar
-libraryjars libs/SocialSDK_renren_2.jar
-libraryjars libs/SocialSDK_Sina.jar
-libraryjars libs/SocialSDK_sms.jar
-libraryjars libs/SocialSDK_tencentWB_1.jar
-libraryjars libs/SocialSDK_tencentWB_2.jar
-libraryjars libs/SocialSDK_tencentWB_3.jar
-libraryjars libs/SocialSDK_WeiXin_1.jar
-libraryjars libs/SocialSDK_WeiXin_2.jar
-libraryjars libs/umeng_social_sdk.jar
-libraryjars libs/universal-image-loader-1.9.1.jar
-libraryjars libs/prettytime-3.2.5.Final.jar
 
#******友盟*********
-keep enum com.facebook.**
-keepattributes Exceptions,InnerClasses,Signature
-keepattributes *Annotation*
-keepattributes SourceFile,LineNumberTable

-keep public interface com.facebook.**
-keep public interface com.tencent.**
-keep public interface com.umeng.socialize.**
-keep public interface com.umeng.socialize.sensor.**
-keep public interface com.umeng.scrshot.**

-keep public class com.umeng.socialize.* {*;}
-keep public class javax.**
-keep public class android.webkit.**

-keep class com.facebook.**
-keep class com.umeng.scrshot.**
-keep public class com.tencent.** {*;}
-keep class com.umeng.socialize.sensor.**

-keep class com.tencent.mm.sdk.modelmsg.WXMediaMessage {*;}

-keep class com.tencent.mm.sdk.modelmsg.** implements com.tencent.mm.sdk.modelmsg.WXMediaMessage$IMediaObject {*;}

-keep class im.yixin.sdk.api.YXMessage {*;}
-keep class im.yixin.sdk.api.** implements im.yixin.sdk.api.YXMessage$YXMessageData{*;}

-keep public class com.ymdq.thy.R$*{
    public static final int *;
}

#******友盟*********

-dontwarn android.support.v4.**

# 保持哪些类不被混淆
-keep public class * extends android.app.Activity
-keep public class * extends android.app.Application
-keep public class * extends android.app.Service
-keep public class * extends android.content.BroadcastReceiver
-keep public class * extends android.content.ContentProvider
-keep public class * extends android.app.backup.BackupAgentHelper
-keep public class * extends android.preference.Preference
-keep public class com.android.vending.licensing.ILicensingService
-keep public class * extends android.support.v4.**
-keep public class * extends android.app.Fragment
-keep class android.support.v4.** { *; }

-keepclasseswithmembernames class * {
    native <methods>;
}

-keepclasseswithmembers class * {
    public <init>(android.content.Context, android.util.AttributeSet);
}

-keepclasseswithmembers class * {
    public <init>(android.content.Context, android.util.AttributeSet, int);
}

-keepclassmembers class * extends android.app.Activity {
   public void *(android.view.View);
}

-keepclassmembers enum * {
    public static **[] values();
    public static ** valueOf(java.lang.String);
}

-keep class * implements android.os.Parcelable {
  public static final android.os.Parcelable$Creator *;
}
  
  -keep class com.ymdq.thy.jni.JNIInterface {
*;
}

#极光推送
-dontwarn cn.jpush.**
-keep class cn.jpush.** { *; }

-keep class com.google.**{*;}
-keepclassmembers class * implements java.io.Serializable {
    static final long serialVersionUID;
    private static final java.io.ObjectStreamField[] serialPersistentFields;
    private void writeObject(java.io.ObjectOutputStream);
    private void readObject(java.io.ObjectInputStream);
    java.lang.Object writeReplace();
    java.lang.Object readResolve();
}

##---------------Begin: proguard configuration for Gson  ----------
# Gson uses generic type information stored in a class file when working with fields. Proguard
# removes such information by default, so configure it to keep all of it.
-keepattributes Signature

# For using GSON @Expose annotation
-keepattributes *Annotation*

# Gson specific classes
-keep class sun.misc.Unsafe { *; }
#-keep class com.google.gson.stream.** { *; }

# Application classes that will be serialized/deserialized over Gson
##这里需要改成解析到哪个  javabean
-keep class com.ymdq.thy.bean.** { *; }


##---------------End: proguard configuration for Gson  ----------

 -dontwarn org.ocpsoft.prettytime.**
 -keep class org.ocpsoft.**{*;}