proguard/seeds.txt
com.ymdq.thy.JRApplication
com.ymdq.thy.JRApplication: JRApplication()
com.ymdq.thy.JRReceiver
com.ymdq.thy.JRReceiver: JRReceiver()
com.ymdq.thy.R$anim
com.ymdq.thy.R$anim: int dialog_enter
com.ymdq.thy.R$anim: int dialog_exit
com.ymdq.thy.R$anim: int group_to_large
com.ymdq.thy.R$anim: int share_enter_alpha
com.ymdq.thy.R$anim: int share_enter_rotate
com.ymdq.thy.R$anim: int share_exit_cancle_anim
com.ymdq.thy.R$anim: int share_scale_out
com.ymdq.thy.R$anim: int umeng_socialize_fade_in
com.ymdq.thy.R$anim: int umeng_socialize_fade_out
com.ymdq.thy.R$anim: int umeng_socialize_shareboard_animation_in
com.ymdq.thy.R$anim: int umeng_socialize_shareboard_animation_out
com.ymdq.thy.R$anim: int umeng_socialize_slide_in_from_bottom
com.ymdq.thy.R$anim: int umeng_socialize_slide_out_from_bottom
com.ymdq.thy.R$attr
com.ymdq.thy.R$attr: int border_color
com.ymdq.thy.R$attr: int border_width
com.ymdq.thy.R$attr: int centered
com.ymdq.thy.R$attr: int clipPadding
com.ymdq.thy.R$attr: int fadeDelay
com.ymdq.thy.R$attr: int fadeLength
com.ymdq.thy.R$attr: int fades
com.ymdq.thy.R$attr: int fillColor
com.ymdq.thy.R$attr: int footerColor
com.ymdq.thy.R$attr: int footerIndicatorHeight
com.ymdq.thy.R$attr: int footerIndicatorStyle
com.ymdq.thy.R$attr: int footerIndicatorUnderlinePadding
com.ymdq.thy.R$attr: int footerLineHeight
com.ymdq.thy.R$attr: int footerPadding
com.ymdq.thy.R$attr: int gapWidth
com.ymdq.thy.R$attr: int linePosition
com.ymdq.thy.R$attr: int lineWidth
com.ymdq.thy.R$attr: int pageColor
com.ymdq.thy.R$attr: int radius
com.ymdq.thy.R$attr: int selectedBold
com.ymdq.thy.R$attr: int selectedColor
com.ymdq.thy.R$attr: int snap
com.ymdq.thy.R$attr: int strokeColor
com.ymdq.thy.R$attr: int strokeWidth
com.ymdq.thy.R$attr: int titlePadding
com.ymdq.thy.R$attr: int topPadding
com.ymdq.thy.R$attr: int unselectedColor
com.ymdq.thy.R$attr: int vpiCirclePageIndicatorStyle
com.ymdq.thy.R$attr: int vpiIconPageIndicatorStyle
com.ymdq.thy.R$attr: int vpiLinePageIndicatorStyle
com.ymdq.thy.R$attr: int vpiTabPageIndicatorStyle
com.ymdq.thy.R$attr: int vpiTitlePageIndicatorStyle
com.ymdq.thy.R$attr: int vpiUnderlinePageIndicatorStyle
com.ymdq.thy.R$bool
com.ymdq.thy.R$bool: int default_circle_indicator_centered
com.ymdq.thy.R$bool: int default_circle_indicator_snap
com.ymdq.thy.R$bool: int default_line_indicator_centered
com.ymdq.thy.R$bool: int default_title_indicator_selected_bold
com.ymdq.thy.R$bool: int default_underline_indicator_fades
com.ymdq.thy.R$color
com.ymdq.thy.R$color: int account_manage_575757
com.ymdq.thy.R$color: int bb474d
com.ymdq.thy.R$color: int black_color
com.ymdq.thy.R$color: int blue
com.ymdq.thy.R$color: int circle_image_border
com.ymdq.thy.R$color: int community_bg
com.ymdq.thy.R$color: int community_bottom_color
com.ymdq.thy.R$color: int community_come_from
com.ymdq.thy.R$color: int community_comment_input
com.ymdq.thy.R$color: int community_comment_message
com.ymdq.thy.R$color: int community_create_confirm
com.ymdq.thy.R$color: int community_create_confirm_press
com.ymdq.thy.R$color: int community_dynamic
com.ymdq.thy.R$color: int community_from
com.ymdq.thy.R$color: int community_pop_color
com.ymdq.thy.R$color: int community_square_name
com.ymdq.thy.R$color: int community_topic_details
com.ymdq.thy.R$color: int community_web_url
com.ymdq.thy.R$color: int default_circle_indicator_fill_color
com.ymdq.thy.R$color: int default_circle_indicator_page_color
com.ymdq.thy.R$color: int default_circle_indicator_stroke_color
com.ymdq.thy.R$color: int default_line_indicator_selected_color
com.ymdq.thy.R$color: int default_line_indicator_unselected_color
com.ymdq.thy.R$color: int default_title_indicator_footer_color
com.ymdq.thy.R$color: int default_title_indicator_selected_color
com.ymdq.thy.R$color: int default_title_indicator_text_color
com.ymdq.thy.R$color: int default_underline_indicator_selected_color
com.ymdq.thy.R$color: int f8f8f8
com.ymdq.thy.R$color: int fresh_news_384d78
...
android.support.v4.app.FragmentActivity$FragmentTag
android.support.v4.app.FragmentActivity$FragmentTag: int[] Fragment
android.support.v4.app.FragmentActivity$FragmentTag: int Fragment_id
android.support.v4.app.FragmentActivity$FragmentTag: int Fragment_name
android.support.v4.app.FragmentActivity$FragmentTag: int Fragment_tag
android.support.v4.app.FragmentActivity$FragmentTag: FragmentActivity$FragmentTag()
android.support.v4.app.FragmentActivity$FragmentTag: void <clinit>()
android.support.v4.app.FragmentActivity$NonConfigurationInstances
android.support.v4.app.FragmentActivity$NonConfigurationInstances: java.lang.Object activity
android.support.v4.app.FragmentActivity$NonConfigurationInstances: java.lang.Object custom
android.support.v4.app.FragmentActivity$NonConfigurationInstances: java.util.HashMap children
android.support.v4.app.FragmentActivity$NonConfigurationInstances: java.util.ArrayList fragments
android.support.v4.app.FragmentActivity$NonConfigurationInstances: java.util.HashMap loaders
android.support.v4.app.FragmentActivity$NonConfigurationInstances: FragmentActivity$NonConfigurationInstances()
android.support.v4.app.FragmentContainer
android.support.v4.app.FragmentContainer: android.view.View findViewById(int)
android.support.v4.app.FragmentManager
android.support.v4.app.FragmentManager: int POP_BACK_STACK_INCLUSIVE
android.support.v4.app.FragmentManager: FragmentManager()
android.support.v4.app.FragmentManager: android.support.v4.app.FragmentTransaction beginTransaction()
android.support.v4.app.FragmentManager: android.support.v4.app.FragmentTransaction openTransaction()
android.support.v4.app.FragmentManager: boolean executePendingTransactions()
android.support.v4.app.FragmentManager: android.support.v4.app.Fragment findFragmentById(int)
android.support.v4.app.FragmentManager: android.support.v4.app.Fragment findFragmentByTag(java.lang.String)
android.support.v4.app.FragmentManager: void popBackStack()
android.support.v4.app.FragmentManager: boolean popBackStackImmediate()
android.support.v4.app.FragmentManager: void popBackStack(java.lang.String,int)
android.support.v4.app.FragmentManager: boolean popBackStackImmediate(java.lang.String,int)
android.support.v4.app.FragmentManager: void popBackStack(int,int)
android.support.v4.app.FragmentManager: boolean popBackStackImmediate(int,int)
android.support.v4.app.FragmentManager: int getBackStackEntryCount()
android.support.v4.app.FragmentManager: android.support.v4.app.FragmentManager$BackStackEntry getBackStackEntryAt(int)
android.support.v4.app.FragmentManager: void addOnBackStackChangedListener(android.support.v4.app.FragmentManager$OnBackStackChangedListener)
android.support.v4.app.FragmentManager$BackStackEntry
android.support.v4.app.FragmentManager$BackStackEntry: int getId()
android.support.v4.app.FragmentManager$BackStackEntry: java.lang.String getName()
android.support.v4.app.FragmentManager$BackStackEntry: int getBreadCrumbTitleRes()
android.support.v4.app.FragmentManager$BackStackEntry: int getBreadCrumbShortTitleRes()
android.support.v4.app.FragmentManager$BackStackEntry: java.lang.CharSequence getBreadCrumbTitle()
android.support.v4.app.FragmentManager$BackStackEntry: java.lang.CharSequence getBreadCrumbShortTitle()
android.support.v4.app.FragmentManager$OnBackStackChangedListener
android.support.v4.app.FragmentManager$OnBackStackChangedListener: void onBackStackChanged()