proguard/mapping.txt
com.ymdq.thy.BuildConfig -> com.ymdq.thy.a:
    boolean DEBUG -> a
com.ymdq.thy.JRApplication -> com.ymdq.thy.JRApplication:
    com.ymdq.thy.JRApplication jrApplication -> a
    java.util.List activitys -> b
    java.lang.String currentActivity -> c
    55:64:void onCreate() -> onCreate
    69:81:void loadData(android.content.Context) -> a
    86:88:void onTerminate() -> onTerminate
    101:102:void addActivity(android.app.Activity) -> a
    113:119:void deleteActivity(android.app.Activity) -> b
    132:145:com.nostra13.universalimageloader.core.DisplayImageOptions setAllDisplayImageOptions(android.content.Context,java.lang.String,java.lang.String,java.lang.String) -> a
    159:175:com.nostra13.universalimageloader.core.DisplayImageOptions setRoundDisplayImageOptions(android.content.Context,java.lang.String,java.lang.String,java.lang.String) -> b
com.ymdq.thy.JRReceiver -> com.ymdq.thy.JRReceiver:
    28:58:void onReceive(android.content.Context,android.content.Intent) -> onReceive
com.ymdq.thy.Manifest -> com.ymdq.thy.b:
com.ymdq.thy.Manifest$permission -> com.ymdq.thy.b$a:
    java.lang.String JPUSH_MESSAGE -> a
com.ymdq.thy.R -> com.ymdq.thy.R:
com.ymdq.thy.R$anim -> com.ymdq.thy.R$anim:
    int dialog_enter -> dialog_enter
    int dialog_exit -> dialog_exit
    int group_to_large -> group_to_large
    int share_enter_alpha -> share_enter_alpha
    int share_enter_rotate -> share_enter_rotate
    int share_exit_cancle_anim -> share_exit_cancle_anim
    int share_scale_out -> share_scale_out
    int umeng_socialize_fade_in -> umeng_socialize_fade_in
    int umeng_socialize_fade_out -> umeng_socialize_fade_out
    int umeng_socialize_shareboard_animation_in -> umeng_socialize_shareboard_animation_in
    int umeng_socialize_shareboard_animation_out -> umeng_socialize_shareboard_animation_out
    int umeng_socialize_slide_in_from_bottom -> umeng_socialize_slide_in_from_bottom
    int umeng_socialize_slide_out_from_bottom -> umeng_socialize_slide_out_from_bottom
com.ymdq.thy.R$attr -> com.ymdq.thy.R$attr:
    int border_color -> border_color
    int border_width -> border_width
    int centered -> centered
    int clipPadding -> clipPadding
    int fadeDelay -> fadeDelay
    int fadeLength -> fadeLength
    int fades -> fades
    int fillColor -> fillColor
    int footerColor -> footerColor
    int footerIndicatorHeight -> footerIndicatorHeight
    int footerIndicatorStyle -> footerIndicatorStyle
    int footerIndicatorUnderlinePadding -> footerIndicatorUnderlinePadding
    int footerLineHeight -> footerLineHeight
    int footerPadding -> footerPadding
    int gapWidth -> gapWidth
    int linePosition -> linePosition
    int lineWidth -> lineWidth
    int pageColor -> pageColor
    int radius -> radius
    int selectedBold -> selectedBold
    int selectedColor -> selectedColor
    int snap -> snap
    int strokeColor -> strokeColor
    int strokeWidth -> strokeWidth
    int titlePadding -> titlePadding
    int topPadding -> topPadding
    int unselectedColor -> unselectedColor
    int vpiCirclePageIndicatorStyle -> vpiCirclePageIndicatorStyle
    int vpiIconPageIndicatorStyle -> vpiIconPageIndicatorStyle
    int vpiLinePageIndicatorStyle -> vpiLinePageIndicatorStyle
    int vpiTabPageIndicatorStyle -> vpiTabPageIndicatorStyle
    int vpiTitlePageIndicatorStyle -> vpiTitlePageIndicatorStyle
    int vpiUnderlinePageIndicatorStyle -> vpiUnderlinePageIndicatorStyle
com.ymdq.thy.R$bool -> com.ymdq.thy.R$bool:
    int default_circle_indicator_centered -> default_circle_indicator_centered
    int default_circle_indicator_snap -> default_circle_indicator_snap
    int default_line_indicator_centered -> default_line_indicator_centered
    int default_title_indicator_selected_bold -> default_title_indicator_selected_bold
    int default_underline_indicator_fades -> default_underline_indicator_fades
...
com.tencent.weibo.sdk.android.component.GeneralDataShowActivity -> com.tencent.weibo.sdk.android.component.GeneralDataShowActivity:
    android.widget.TextView tv -> tv
    18:28:void onCreate(android.os.Bundle) -> onCreate
com.tencent.weibo.sdk.android.component.GeneralInterfaceActivity -> com.tencent.weibo.sdk.android.component.GeneralInterfaceActivity:
    android.widget.Button homeTimeLine -> homeTimeLine
    android.widget.Button userTimeLine -> userTimeLine
    android.widget.Button addWeibo -> addWeibo
    android.widget.Button addPic -> addPic
    android.widget.Button addPicUrl -> addPicUrl
    android.widget.Button htTimeLine -> htTimeLine
    android.widget.Button userInfo -> userInfo
    android.widget.Button userOtherInfo -> userOtherInfo
    android.widget.Button userInfos -> userInfos
    android.widget.Button friendAdd -> friendAdd
    android.widget.Button friendIdolList -> friendIdolList
    android.widget.Button friendFunsList -> friendFunsList
    android.widget.Button friendMutualList -> friendMutualList
    android.widget.Button friendCheck -> friendCheck
    android.widget.Button tReList -> tReList
    android.widget.Button friendGetIntimateFriend -> friendGetIntimateFriend
    android.widget.Button lbsGetAroundPeople -> lbsGetAroundPeople
    android.widget.Button lbsGetAroundNew -> lbsGetAroundNew
    android.widget.Button deviceStatus -> deviceStatus
    android.widget.Button errorReport -> errorReport
    java.lang.String accessToken -> accessToken
    com.tencent.weibo.sdk.android.api.FriendAPI friendAPI -> friendAPI
    com.tencent.weibo.sdk.android.api.TimeLineAPI timeLineAPI -> timeLineAPI
    com.tencent.weibo.sdk.android.api.WeiboAPI weiboAPI -> weiboAPI
com.tencent.weibo.sdk.android.component.GeneralInterfaceActivity$1 -> com.tencent.weibo.sdk.android.component.q:
    com.tencent.weibo.sdk.android.component.GeneralInterfaceActivity this$0 -> a
    100:118:void onResult(java.lang.Object) -> onResult
com.tencent.weibo.sdk.android.component.GeneralInterfaceActivity$2 -> com.tencent.weibo.sdk.android.component.r:
    com.tencent.weibo.sdk.android.component.GeneralInterfaceActivity this$0 -> a
    284:285:boolean queueIdle() -> queueIdle
com.tencent.weibo.sdk.android.component.LetterListView -> com.tencent.weibo.sdk.android.component.LetterListView:
    com.tencent.weibo.sdk.android.component.LetterListView$OnTouchingLetterChangedListener onTouchingLetterChangedListener -> onTouchingLetterChangedListener
    java.util.List b -> b
    int choose -> choose
    android.graphics.Paint paint -> paint
    boolean showBkg -> showBkg
    45:47:void setB(java.util.List) -> setB
    51:77:void onDraw(android.graphics.Canvas) -> onDraw
    81:114:boolean dispatchTouchEvent(android.view.MotionEvent) -> dispatchTouchEvent
    119:119:boolean onTouchEvent(android.view.MotionEvent) -> onTouchEvent
    124:125:void setOnTouchingLetterChangedListener(com.tencent.weibo.sdk.android.component.LetterListView$OnTouchingLetterChangedListener) -> setOnTouchingLetterChangedListener
com.tencent.weibo.sdk.android.component.LetterListView$OnTouchingLetterChangedListener -> com.tencent.weibo.sdk.android.component.LetterListView$OnTouchingLetterChangedListener:
    void onTouchingLetterChanged(int) -> onTouchingLetterChanged
com.tencent.weibo.sdk.android.component.MainPage_Activity -> com.tencent.weibo.sdk.android.component.MainPage_Activity:
    android.widget.Button authorize -> authorize
    android.widget.Button add -> add
    android.widget.Button readd -> readd
    android.content.Context context -> context
    28:33:void onCreate(android.os.Bundle) -> onCreate
    35:110:void init() -> init
    24:24:android.content.Context access$0(com.tencent.weibo.sdk.android.component.MainPage_Activity) -> access$0